* using log directory 'C:/Users/hoaho/OneDrive/Desktop/Classworks/Math 4753 Statistic/mypackage.Rcheck'
* using R version 3.6.2 (2019-12-12)
* using platform: x86_64-w64-mingw32 (64-bit)
* using session charset: ISO8859-1
* using options '--no-manual --as-cran'
* checking for file 'mypackage/DESCRIPTION' ... OK
* checking extension type ... Package
* this is package 'mypackage' version '0.1.0'
* package encoding: UTF-8
* checking package namespace information ... OK
* checking package dependencies ... OK
* checking if this is a source package ... OK
* checking if there is a namespace ... OK
* checking for executable files ... OK
* checking for hidden files and directories ... OK
* checking for portable file names ... OK
* checking serialization versions ... OK
* checking whether package 'mypackage' can be installed ... OK
* checking installed package size ... OK
* checking package directory ... OK
* checking for future file timestamps ... OK
* checking DESCRIPTION meta-information ... NOTE
Malformed Description field: should contain one or more complete sentences.
* checking top-level files ... OK
* checking for left-over files ... OK
* checking index information ... OK
* checking package subdirectories ... OK
* checking R files for non-ASCII characters ... OK
* checking R files for syntax errors ... OK
* checking whether the package can be loaded ... OK
* checking whether the package can be loaded with stated dependencies ... OK
* checking whether the package can be unloaded cleanly ... OK
* checking whether the namespace can be loaded with stated dependencies ... OK
* checking whether the namespace can be unloaded cleanly ... OK
* checking loading without being on the library search path ... OK
* checking dependencies in R code ... OK
* checking S3 generic/method consistency ... OK
* checking replacement functions ... OK
* checking foreign function calls ... OK
* checking R code for possible problems ... NOTE
createlayouts: warning in matrix(x:y, nr = r, nc = c, byrow = TRUE):
  partial argument match of 'nr' to 'nrow'
createlayouts: warning in matrix(x:y, nr = r, nc = c, byrow = TRUE):
  partial argument match of 'nc' to 'ncol'
createlayouts: no visible global function definition for 'layout'
Undefined global functions or variables:
  layout
Consider adding
  importFrom("graphics", "layout")
to your NAMESPACE file.
* checking for missing documentation entries ... WARNING
Undocumented code objects:
  'createlayouts'
All user-level objects in a package should have documentation entries.
See chapter 'Writing R documentation files' in the 'Writing R
Extensions' manual.
* checking examples ... NONE
* checking for detritus in the temp directory ... OK
* DONE
Status: 1 WARNING, 2 NOTEs
